<?xml version="1.0" encoding="UTF-8"?>
<testsuite xmlns:xsi="http://www.w3.org/2001/XMLSchema-instance" xsi:noNamespaceSchemaLocation="https://maven.apache.org/surefire/maven-surefire-plugin/xsd/surefire-test-report-3.0.xsd" version="3.0" name="RemoteBrokerServiceUnitTest" time="0.089" tests="2" errors="0" skipped="0" failures="0">
  <properties>
[...]
</properties>
  <testcase name="connectionTest" classname="RemoteBrokerServiceUnitTest" time="0.001"/>
  <testcase name="getQuotationsTest" classname="RemoteBrokerServiceUnitTest" time="0.029">
    <system-out><![CDATA[Error: java.rmi.UnknownHostException: Unknown host: broker; nested exception is: 
	java.net.UnknownHostException: broker
Error: java.lang.NullPointerException: Cannot invoke "java.util.List.get(int)" because "quotes" is null
]]></system-out>
  </testcase>
</testsuite>